Arguments: 
  /Users/matt/.nvm/versions/node/v16.5.0/bin/node /Users/matt/.nvm/versions/node/v16.5.0/bin/yarn add @emotion/react @emotion/styled

PATH: 
  /Users/matt/.nvm/versions/node/v16.5.0/bin:/Users/matt/.local/share/solana/install/active_release/bin:/opt/homebrew/bin:/opt/homebrew/sbin:/usr/local/bin:/usr/bin:/bin:/usr/sbin:/sbin:/usr/local/go/bin:/Library/Apple/usr/bin:/Users/matt/.cargo/bin:/Users/matt/.foundry/bin:/Users/matt/.foundry/bin

Yarn version: 
  1.22.18

Node version: 
  16.5.0

Platform: 
  darwin arm64

Trace: 
  Error: https://registry.yarnpkg.com/@types/eslint/-/eslint-8.4.4.tgz: Request failed "404 Not Found"
      at ResponseError.ExtendableBuiltin (/Users/matt/.nvm/versions/node/v16.5.0/lib/node_modules/yarn/lib/cli.js:696:66)
      at new ResponseError (/Users/matt/.nvm/versions/node/v16.5.0/lib/node_modules/yarn/lib/cli.js:802:124)
      at Request.<anonymous> (/Users/matt/.nvm/versions/node/v16.5.0/lib/node_modules/yarn/lib/cli.js:66208:16)
      at Request.emit (node:events:394:28)
      at Request.module.exports.Request.onRequestResponse (/Users/matt/.nvm/versions/node/v16.5.0/lib/node_modules/yarn/lib/cli.js:141760:10)
      at ClientRequest.emit (node:events:394:28)
      at HTTPParser.parserOnIncomingClient (node:_http_client:621:27)
      at HTTPParser.parserOnHeadersComplete (node:_http_common:128:17)
      at HTTPParser.execute (<anonymous>)
      at TLSSocket.socketOnData (node:_http_client:487:22)

npm manifest: 
  {
    "name": "sparta-test",
    "version": "0.1.0",
    "private": true,
    "dependencies": {
      "@testing-library/jest-dom": "^5.16.4",
      "@testing-library/react": "^13.3.0",
      "@testing-library/user-event": "^13.5.0",
      "ethers": "^5.6.9",
      "formik": "^2.2.9",
      "react": "^18.2.0",
      "react-dom": "^18.2.0",
      "react-scripts": "5.0.1",
      "wagmi": "^0.5.5",
      "web-vitals": "^2.1.4",
      "yup": "^0.32.11"
    },
    "scripts": {
      "start": "react-scripts start",
      "build": "react-scripts build",
      "test": "react-scripts test",
      "eject": "react-scripts eject"
    },
    "eslintConfig": {
      "extends": [
        "react-app",
        "react-app/jest"
      ]
    },
    "browserslist": {
      "production": [
        ">0.2%",
        "not dead",
        "not op_mini all"
      ],
      "development": [
        "last 1 chrome version",
        "last 1 firefox version",
        "last 1 safari version"
      ]
    }
  }

yarn manifest: 
  No manifest

Lockfile: 
  No lockfile
